<?xml version="1.0" encoding="UTF-8"?>
<!-- Generated by org.testng.reporters.JUnitReportReporter -->
<testsuite skipped="0" hostname="dlc-VAIO" name="pack.Sceen" tests="1" failures="0" timestamp="24 Jul 2017 13:16:42 GMT" time="1.219" errors="0">
  <testcase name="login" time="1.219" classname="pack.Sceen"/>
</testsuite> <!-- pack.Sceen -->
